# JRE version: OpenJDK Runtime Environment (11.0.2+9) (build 11.0.2+9-Ubuntu-3ubuntu118.04.3)
# Java VM: OpenJDK 64-Bit Server VM (11.0.2+9-Ubuntu-3ubuntu118.04.3, mixed mode, sharing, tiered, compressed oops, g1 gc, linux-amd64)
Heap:
 garbage-first heap   total 286720K, used 62255K [0x0000000740000000, 0x0000000800000000)
  region size 1024K, 2 young (2048K), 2 survivors (2048K)
 Metaspace       used 51444K, capacity 53065K, committed 53424K, reserved 1095680K
  class space    used 6814K, capacity 7343K, committed 7424K, reserved 1048576K
GC Heap History (10 events):
Event: 69.591 GC heap after
{Heap after GC invocations=14 (full 0):
 garbage-first heap   total 238592K, used 51712K [0x0000000740000000, 0x0000000800000000)
  region size 1024K, 7 young (7168K), 7 survivors (7168K)
 Metaspace       used 50846K, capacity 52534K, committed 52912K, reserved 1095680K
  class space    used 6811K, capacity 7340K, committed 7424K, reserved 1048576K
}
Event: 169.343 GC heap before
{Heap before GC invocations=14 (full 0):
 garbage-first heap   total 238592K, used 166400K [0x0000000740000000, 0x0000000800000000)
  region size 1024K, 119 young (121856K), 7 survivors (7168K)
 Metaspace       used 51047K, capacity 52677K, committed 52912K, reserved 1095680K
  class space    used 6812K, capacity 7342K, committed 7424K, reserved 1048576K
}
Event: 169.399 GC heap after
{Heap after GC invocations=15 (full 0):
 garbage-first heap   total 238592K, used 54784K [0x0000000740000000, 0x0000000800000000)
  region size 1024K, 10 young (10240K), 10 survivors (10240K)
 Metaspace       used 51047K, capacity 52677K, committed 52912K, reserved 1095680K
  class space    used 6812K, capacity 7342K, committed 7424K, reserved 1048576K
}
Event: 172.586 GC heap before
{Heap before GC invocations=15 (full 0):
 garbage-first heap   total 238592K, used 173568K [0x0000000740000000, 0x0000000800000000)
  region size 1024K, 126 young (129024K), 10 survivors (10240K)
 Metaspace       used 51300K, capacity 52937K, committed 53168K, reserved 1095680K
  class space    used 6814K, capacity 7343K, committed 7424K, reserved 1048576K
}
Event: 173.017 GC heap after
{Heap after GC invocations=16 (full 0):
 garbage-first heap   total 238592K, used 57112K [0x0000000740000000, 0x0000000800000000)
  region size 1024K, 9 young (9216K), 9 survivors (9216K)
 Metaspace       used 51300K, capacity 52937K, committed 53168K, reserved 1095680K
  class space    used 6814K, capacity 7343K, committed 7424K, reserved 1048576K
}
Event: 191.195 GC heap before
{Heap before GC invocations=16 (full 0):
 garbage-first heap   total 238592K, used 129816K [0x0000000740000000, 0x0000000800000000)
  region size 1024K, 80 young (81920K), 9 survivors (9216K)
 Metaspace       used 51396K, capacity 53001K, committed 53424K, reserved 1095680K
  class space    used 6814K, capacity 7343K, committed 7424K, reserved 1048576K
}
Event: 191.259 GC heap after
{Heap after GC invocations=17 (full 0):
 garbage-first heap   total 238592K, used 58433K [0x0000000740000000, 0x0000000800000000)
  region size 1024K, 7 young (7168K), 7 survivors (7168K)
 Metaspace       used 51396K, capacity 53001K, committed 53424K, reserved 1095680K
  class space    used 6814K, capacity 7343K, committed 7424K, reserved 1048576K
}
Event: 244.176 GC heap before
{Heap before GC invocations=17 (full 0):
 garbage-first heap   total 238592K, used 181313K [0x0000000740000000, 0x0000000800000000)
  region size 1024K, 127 young (130048K), 7 survivors (7168K)
 Metaspace       used 51444K, capacity 53065K, committed 53424K, reserved 1095680K
  class space    used 6814K, capacity 7343K, committed 7424K, reserved 1048576K
}
Event: 245.099 GC heap after
{Heap after GC invocations=18 (full 0):
 garbage-first heap   total 238592K, used 61401K [0x0000000740000000, 0x0000000800000000)
  region size 1024K, 10 young (10240K), 10 survivors (10240K)
 Metaspace       used 51444K, capacity 53065K, committed 53424K, reserved 1095680K
  class space    used 6814K, capacity 7343K, committed 7424K, reserved 1048576K
}
Event: 249.479 GC heap before
{Heap before GC invocations=18 (full 0):
 garbage-first heap   total 238592K, used 62425K [0x0000000740000000, 0x0000000800000000)
  region size 1024K, 11 young (11264K), 10 survivors (10240K)
 Metaspace       used 51444K, capacity 53065K, committed 53424K, reserved 1095680K
  class space    used 6814K, capacity 7343K, committed 7424K, reserved 1048576K
}

